2023-01-09 14:54:41.864 [main] INFO  org.example.demo.MycrudApplication - Starting MycrudApplication using Java 11.0.17 on macdeMacBook-Pro.local with PID 7291 (/Applications/XAMPP/xamppfiles/htdocs/my_practice22/my_java/mycrud/target/classes started by mac in /Applications/XAMPP/xamppfiles/htdocs/my_practice22/my_java/mycrud)
2023-01-09 14:54:41.868 [main] INFO  org.example.demo.MycrudApplication - The following 1 profile is active: "prod"
2023-01-09 14:54:42.376 [main] INFO  o.s.d.r.config.RepositoryConfigurationDelegate - Bootstrapping Spring Data JDBC repositories in DEFAULT mode.
2023-01-09 14:54:42.385 [main] INFO  o.s.d.r.config.RepositoryConfigurationDelegate - Finished Spring Data repository scanning in 5 ms. Found 0 JDBC repository interfaces.
2023-01-09 14:54:42.803 [main] INFO  o.s.boot.web.embedded.tomcat.TomcatWebServer - Tomcat initialized with port(s): 8066 (http)
2023-01-09 14:54:42.812 [main] INFO  org.apache.catalina.core.StandardService - Starting service [Tomcat]
2023-01-09 14:54:42.813 [main] INFO  org.apache.catalina.core.StandardEngine - Starting Servlet engine: [Apache Tomcat/9.0.60]
2023-01-09 14:54:42.914 [main] INFO  o.a.c.c.C.[Tomcat].[localhost].[/mycrud] - Initializing Spring embedded WebApplicationContext
2023-01-09 14:54:42.914 [main] INFO  o.s.b.w.s.c.ServletWebServerApplicationContext - Root WebApplicationContext: initialization completed in 1007 ms
2023-01-09 14:54:43.434 [main] INFO  com.zaxxer.hikari.HikariDataSource - HikariPool-1 - Starting...
2023-01-09 14:54:43.565 [main] INFO  com.zaxxer.hikari.HikariDataSource - HikariPool-1 - Start completed.
2023-01-09 14:54:43.727 [main] INFO  o.s.boot.web.embedded.tomcat.TomcatWebServer - Tomcat started on port(s): 8066 (http) with context path '/mycrud'
2023-01-09 14:54:43.736 [main] INFO  org.example.demo.MycrudApplication - Started MycrudApplication in 2.312 seconds (JVM running for 7.906)
2023-01-09 14:54:50.910 [http-nio-8066-exec-2] INFO  o.a.c.c.C.[Tomcat].[localhost].[/mycrud] - Initializing Spring DispatcherServlet 'dispatcherServlet'
2023-01-09 14:54:50.911 [http-nio-8066-exec-2] INFO  org.springframework.web.servlet.DispatcherServlet - Initializing Servlet 'dispatcherServlet'
2023-01-09 14:54:50.912 [http-nio-8066-exec-2] INFO  org.springframework.web.servlet.DispatcherServlet - Completed initialization in 1 ms
2023-01-09 14:54:51.053 [http-nio-8066-exec-2] INFO  org.example.demo.controller.LoginController - 登录成功，17523459807
2023-01-09 16:04:35.985 [SpringApplicationShutdownHook] INFO  com.zaxxer.hikari.HikariDataSource - HikariPool-1 - Shutdown initiated...
2023-01-09 16:04:35.993 [SpringApplicationShutdownHook] INFO  com.zaxxer.hikari.HikariDataSource - HikariPool-1 - Shutdown completed.
2023-01-09 16:04:46.192 [main] INFO  org.example.demo.MycrudApplication - Starting MycrudApplication using Java 11.0.17 on macdeMacBook-Pro.local with PID 10313 (/Applications/XAMPP/xamppfiles/htdocs/my_practice22/my_java/mycrud/target/classes started by mac in /Applications/XAMPP/xamppfiles/htdocs/my_practice22/my_java/mycrud)
2023-01-09 16:04:46.195 [main] INFO  org.example.demo.MycrudApplication - The following 1 profile is active: "prod"
2023-01-09 16:04:46.710 [main] INFO  o.s.d.r.config.RepositoryConfigurationDelegate - Bootstrapping Spring Data JDBC repositories in DEFAULT mode.
2023-01-09 16:04:46.725 [main] INFO  o.s.d.r.config.RepositoryConfigurationDelegate - Finished Spring Data repository scanning in 8 ms. Found 0 JDBC repository interfaces.
2023-01-09 16:04:47.144 [main] INFO  o.s.boot.web.embedded.tomcat.TomcatWebServer - Tomcat initialized with port(s): 8066 (http)
2023-01-09 16:04:47.154 [main] INFO  org.apache.catalina.core.StandardService - Starting service [Tomcat]
2023-01-09 16:04:47.155 [main] INFO  org.apache.catalina.core.StandardEngine - Starting Servlet engine: [Apache Tomcat/9.0.60]
2023-01-09 16:04:47.275 [main] INFO  o.a.c.c.C.[Tomcat].[localhost].[/mycrud] - Initializing Spring embedded WebApplicationContext
2023-01-09 16:04:47.275 [main] INFO  o.s.b.w.s.c.ServletWebServerApplicationContext - Root WebApplicationContext: initialization completed in 1039 ms
2023-01-09 16:04:47.792 [main] INFO  com.zaxxer.hikari.HikariDataSource - HikariPool-1 - Starting...
2023-01-09 16:04:47.908 [main] INFO  com.zaxxer.hikari.HikariDataSource - HikariPool-1 - Start completed.
2023-01-09 16:04:48.061 [main] INFO  o.s.boot.web.embedded.tomcat.TomcatWebServer - Tomcat started on port(s): 8066 (http) with context path '/mycrud'
2023-01-09 16:04:48.069 [main] INFO  org.example.demo.MycrudApplication - Started MycrudApplication in 2.28 seconds (JVM running for 7.871)
2023-01-09 17:00:01.867 [SpringApplicationShutdownHook] INFO  com.zaxxer.hikari.HikariDataSource - HikariPool-1 - Shutdown initiated...
2023-01-09 17:00:01.875 [SpringApplicationShutdownHook] INFO  com.zaxxer.hikari.HikariDataSource - HikariPool-1 - Shutdown completed.
2023-01-09 17:00:12.632 [main] INFO  org.example.demo.MycrudApplication - Starting MycrudApplication using Java 11.0.17 on macdeMacBook-Pro.local with PID 13083 (/Applications/XAMPP/xamppfiles/htdocs/my_practice22/my_java/mycrud/target/classes started by mac in /Applications/XAMPP/xamppfiles/htdocs/my_practice22/my_java/mycrud)
2023-01-09 17:00:12.636 [main] INFO  org.example.demo.MycrudApplication - The following 1 profile is active: "prod"
2023-01-09 17:00:13.215 [main] INFO  o.s.d.r.config.RepositoryConfigurationDelegate - Bootstrapping Spring Data JDBC repositories in DEFAULT mode.
2023-01-09 17:00:13.227 [main] INFO  o.s.d.r.config.RepositoryConfigurationDelegate - Finished Spring Data repository scanning in 5 ms. Found 0 JDBC repository interfaces.
2023-01-09 17:00:13.759 [main] INFO  o.s.boot.web.embedded.tomcat.TomcatWebServer - Tomcat initialized with port(s): 8066 (http)
2023-01-09 17:00:13.771 [main] INFO  org.apache.catalina.core.StandardService - Starting service [Tomcat]
2023-01-09 17:00:13.771 [main] INFO  org.apache.catalina.core.StandardEngine - Starting Servlet engine: [Apache Tomcat/9.0.60]
2023-01-09 17:00:13.889 [main] INFO  o.a.c.c.C.[Tomcat].[localhost].[/mycrud] - Initializing Spring embedded WebApplicationContext
2023-01-09 17:00:13.889 [main] INFO  o.s.b.w.s.c.ServletWebServerApplicationContext - Root WebApplicationContext: initialization completed in 1212 ms
2023-01-09 17:00:14.413 [main] INFO  com.zaxxer.hikari.HikariDataSource - HikariPool-1 - Starting...
2023-01-09 17:00:14.543 [main] INFO  com.zaxxer.hikari.HikariDataSource - HikariPool-1 - Start completed.
2023-01-09 17:00:14.705 [main] INFO  o.s.boot.web.embedded.tomcat.TomcatWebServer - Tomcat started on port(s): 8066 (http) with context path '/mycrud'
2023-01-09 17:00:14.715 [main] INFO  org.example.demo.MycrudApplication - Started MycrudApplication in 2.561 seconds (JVM running for 8.146)
2023-01-09 17:00:32.955 [http-nio-8066-exec-2] INFO  o.a.c.c.C.[Tomcat].[localhost].[/mycrud] - Initializing Spring DispatcherServlet 'dispatcherServlet'
2023-01-09 17:00:32.956 [http-nio-8066-exec-2] INFO  org.springframework.web.servlet.DispatcherServlet - Initializing Servlet 'dispatcherServlet'
2023-01-09 17:00:32.957 [http-nio-8066-exec-2] INFO  org.springframework.web.servlet.DispatcherServlet - Completed initialization in 1 ms
2023-01-09 17:02:46.071 [SpringApplicationShutdownHook] INFO  com.zaxxer.hikari.HikariDataSource - HikariPool-1 - Shutdown initiated...
2023-01-09 17:02:46.081 [SpringApplicationShutdownHook] INFO  com.zaxxer.hikari.HikariDataSource - HikariPool-1 - Shutdown completed.
2023-01-09 17:02:53.566 [main] INFO  org.example.demo.MycrudApplication - Starting MycrudApplication using Java 11.0.17 on macdeMacBook-Pro.local with PID 13307 (/Applications/XAMPP/xamppfiles/htdocs/my_practice22/my_java/mycrud/target/classes started by mac in /Applications/XAMPP/xamppfiles/htdocs/my_practice22/my_java/mycrud)
2023-01-09 17:02:53.569 [main] INFO  org.example.demo.MycrudApplication - The following 1 profile is active: "prod"
2023-01-09 17:02:54.117 [main] INFO  o.s.d.r.config.RepositoryConfigurationDelegate - Bootstrapping Spring Data JDBC repositories in DEFAULT mode.
2023-01-09 17:02:54.130 [main] INFO  o.s.d.r.config.RepositoryConfigurationDelegate - Finished Spring Data repository scanning in 7 ms. Found 0 JDBC repository interfaces.
2023-01-09 17:02:54.601 [main] INFO  o.s.boot.web.embedded.tomcat.TomcatWebServer - Tomcat initialized with port(s): 8066 (http)
2023-01-09 17:02:54.610 [main] INFO  org.apache.catalina.core.StandardService - Starting service [Tomcat]
2023-01-09 17:02:54.611 [main] INFO  org.apache.catalina.core.StandardEngine - Starting Servlet engine: [Apache Tomcat/9.0.60]
2023-01-09 17:02:54.736 [main] INFO  o.a.c.c.C.[Tomcat].[localhost].[/mycrud] - Initializing Spring embedded WebApplicationContext
2023-01-09 17:02:54.736 [main] INFO  o.s.b.w.s.c.ServletWebServerApplicationContext - Root WebApplicationContext: initialization completed in 1130 ms
2023-01-09 17:02:55.263 [main] INFO  com.zaxxer.hikari.HikariDataSource - HikariPool-1 - Starting...
2023-01-09 17:02:55.398 [main] INFO  com.zaxxer.hikari.HikariDataSource - HikariPool-1 - Start completed.
2023-01-09 17:02:55.557 [main] INFO  o.s.boot.web.embedded.tomcat.TomcatWebServer - Tomcat started on port(s): 8066 (http) with context path '/mycrud'
2023-01-09 17:02:55.565 [main] INFO  org.example.demo.MycrudApplication - Started MycrudApplication in 2.414 seconds (JVM running for 7.948)
2023-01-09 17:09:45.401 [SpringApplicationShutdownHook] INFO  com.zaxxer.hikari.HikariDataSource - HikariPool-1 - Shutdown initiated...
2023-01-09 17:09:45.412 [SpringApplicationShutdownHook] INFO  com.zaxxer.hikari.HikariDataSource - HikariPool-1 - Shutdown completed.
2023-01-09 17:09:52.972 [main] INFO  org.example.demo.MycrudApplication - Starting MycrudApplication using Java 11.0.17 on macdeMacBook-Pro.local with PID 13527 (/Applications/XAMPP/xamppfiles/htdocs/my_practice22/my_java/mycrud/target/classes started by mac in /Applications/XAMPP/xamppfiles/htdocs/my_practice22/my_java/mycrud)
2023-01-09 17:09:52.975 [main] INFO  org.example.demo.MycrudApplication - The following 1 profile is active: "prod"
2023-01-09 17:09:53.491 [main] INFO  o.s.d.r.config.RepositoryConfigurationDelegate - Bootstrapping Spring Data JDBC repositories in DEFAULT mode.
2023-01-09 17:09:53.504 [main] INFO  o.s.d.r.config.RepositoryConfigurationDelegate - Finished Spring Data repository scanning in 5 ms. Found 0 JDBC repository interfaces.
2023-01-09 17:09:53.950 [main] INFO  o.s.boot.web.embedded.tomcat.TomcatWebServer - Tomcat initialized with port(s): 8066 (http)
2023-01-09 17:09:53.964 [main] INFO  org.apache.catalina.core.StandardService - Starting service [Tomcat]
2023-01-09 17:09:53.964 [main] INFO  org.apache.catalina.core.StandardEngine - Starting Servlet engine: [Apache Tomcat/9.0.60]
2023-01-09 17:09:54.083 [main] INFO  o.a.c.c.C.[Tomcat].[localhost].[/mycrud] - Initializing Spring embedded WebApplicationContext
2023-01-09 17:09:54.084 [main] INFO  o.s.b.w.s.c.ServletWebServerApplicationContext - Root WebApplicationContext: initialization completed in 1070 ms
2023-01-09 17:09:54.673 [main] INFO  com.zaxxer.hikari.HikariDataSource - HikariPool-1 - Starting...
2023-01-09 17:09:54.790 [main] INFO  com.zaxxer.hikari.HikariDataSource - HikariPool-1 - Start completed.
2023-01-09 17:09:54.960 [main] INFO  o.s.boot.web.embedded.tomcat.TomcatWebServer - Tomcat started on port(s): 8066 (http) with context path '/mycrud'
2023-01-09 17:09:54.970 [main] INFO  org.example.demo.MycrudApplication - Started MycrudApplication in 2.435 seconds (JVM running for 7.989)
2023-01-09 17:10:00.344 [http-nio-8066-exec-1] INFO  o.a.c.c.C.[Tomcat].[localhost].[/mycrud] - Initializing Spring DispatcherServlet 'dispatcherServlet'
2023-01-09 17:10:00.344 [http-nio-8066-exec-1] INFO  org.springframework.web.servlet.DispatcherServlet - Initializing Servlet 'dispatcherServlet'
2023-01-09 17:10:00.345 [http-nio-8066-exec-1] INFO  org.springframework.web.servlet.DispatcherServlet - Completed initialization in 1 ms
2023-01-09 17:23:46.577 [SpringApplicationShutdownHook] INFO  com.zaxxer.hikari.HikariDataSource - HikariPool-1 - Shutdown initiated...
2023-01-09 17:23:46.609 [SpringApplicationShutdownHook] INFO  com.zaxxer.hikari.HikariDataSource - HikariPool-1 - Shutdown completed.
2023-01-09 17:23:55.413 [main] INFO  org.example.demo.MycrudApplication - Starting MycrudApplication using Java 11.0.17 on macdeMacBook-Pro.local with PID 14317 (/Applications/XAMPP/xamppfiles/htdocs/my_practice22/my_java/mycrud/target/classes started by mac in /Applications/XAMPP/xamppfiles/htdocs/my_practice22/my_java/mycrud)
2023-01-09 17:23:55.415 [main] INFO  org.example.demo.MycrudApplication - The following 1 profile is active: "prod"
2023-01-09 17:23:55.952 [main] INFO  o.s.d.r.config.RepositoryConfigurationDelegate - Bootstrapping Spring Data JDBC repositories in DEFAULT mode.
2023-01-09 17:23:55.962 [main] INFO  o.s.d.r.config.RepositoryConfigurationDelegate - Finished Spring Data repository scanning in 5 ms. Found 0 JDBC repository interfaces.
2023-01-09 17:23:56.388 [main] INFO  o.s.boot.web.embedded.tomcat.TomcatWebServer - Tomcat initialized with port(s): 8066 (http)
2023-01-09 17:23:56.402 [main] INFO  org.apache.catalina.core.StandardService - Starting service [Tomcat]
2023-01-09 17:23:56.403 [main] INFO  org.apache.catalina.core.StandardEngine - Starting Servlet engine: [Apache Tomcat/9.0.60]
2023-01-09 17:23:56.556 [main] INFO  o.a.c.c.C.[Tomcat].[localhost].[/mycrud] - Initializing Spring embedded WebApplicationContext
2023-01-09 17:23:56.556 [main] INFO  o.s.b.w.s.c.ServletWebServerApplicationContext - Root WebApplicationContext: initialization completed in 1103 ms
2023-01-09 17:23:57.104 [main] INFO  com.zaxxer.hikari.HikariDataSource - HikariPool-1 - Starting...
2023-01-09 17:23:57.233 [main] INFO  com.zaxxer.hikari.HikariDataSource - HikariPool-1 - Start completed.
2023-01-09 17:23:57.399 [main] INFO  o.s.boot.web.embedded.tomcat.TomcatWebServer - Tomcat started on port(s): 8066 (http) with context path '/mycrud'
2023-01-09 17:23:57.408 [main] INFO  org.example.demo.MycrudApplication - Started MycrudApplication in 2.456 seconds (JVM running for 8.02)
2023-01-09 17:24:07.957 [http-nio-8066-exec-2] INFO  o.a.c.c.C.[Tomcat].[localhost].[/mycrud] - Initializing Spring DispatcherServlet 'dispatcherServlet'
2023-01-09 17:24:07.958 [http-nio-8066-exec-2] INFO  org.springframework.web.servlet.DispatcherServlet - Initializing Servlet 'dispatcherServlet'
2023-01-09 17:24:07.959 [http-nio-8066-exec-2] INFO  org.springframework.web.servlet.DispatcherServlet - Completed initialization in 1 ms
2023-01-09 18:03:00.286 [SpringApplicationShutdownHook] INFO  com.zaxxer.hikari.HikariDataSource - HikariPool-1 - Shutdown initiated...
2023-01-09 18:03:00.297 [SpringApplicationShutdownHook] INFO  com.zaxxer.hikari.HikariDataSource - HikariPool-1 - Shutdown completed.
2023-01-09 18:03:09.167 [main] INFO  org.example.demo.MycrudApplication - Starting MycrudApplication using Java 11.0.17 on macdeMacBook-Pro.local with PID 15975 (/Applications/XAMPP/xamppfiles/htdocs/my_practice22/my_java/mycrud/target/classes started by mac in /Applications/XAMPP/xamppfiles/htdocs/my_practice22/my_java/mycrud)
2023-01-09 18:03:09.171 [main] INFO  org.example.demo.MycrudApplication - The following 1 profile is active: "prod"
2023-01-09 18:03:09.722 [main] INFO  o.s.d.r.config.RepositoryConfigurationDelegate - Bootstrapping Spring Data JDBC repositories in DEFAULT mode.
2023-01-09 18:03:09.734 [main] INFO  o.s.d.r.config.RepositoryConfigurationDelegate - Finished Spring Data repository scanning in 6 ms. Found 0 JDBC repository interfaces.
2023-01-09 18:03:10.207 [main] INFO  o.s.boot.web.embedded.tomcat.TomcatWebServer - Tomcat initialized with port(s): 8066 (http)
2023-01-09 18:03:10.218 [main] INFO  org.apache.catalina.core.StandardService - Starting service [Tomcat]
2023-01-09 18:03:10.218 [main] INFO  org.apache.catalina.core.StandardEngine - Starting Servlet engine: [Apache Tomcat/9.0.60]
2023-01-09 18:03:10.327 [main] INFO  o.a.c.c.C.[Tomcat].[localhost].[/mycrud] - Initializing Spring embedded WebApplicationContext
2023-01-09 18:03:10.327 [main] INFO  o.s.b.w.s.c.ServletWebServerApplicationContext - Root WebApplicationContext: initialization completed in 1115 ms
2023-01-09 18:03:10.890 [main] INFO  com.zaxxer.hikari.HikariDataSource - HikariPool-1 - Starting...
2023-01-09 18:03:11.012 [main] INFO  com.zaxxer.hikari.HikariDataSource - HikariPool-1 - Start completed.
2023-01-09 18:03:11.190 [main] INFO  o.s.boot.web.embedded.tomcat.TomcatWebServer - Tomcat started on port(s): 8066 (http) with context path '/mycrud'
2023-01-09 18:03:11.199 [main] INFO  org.example.demo.MycrudApplication - Started MycrudApplication in 2.447 seconds (JVM running for 8.009)
2023-01-09 18:03:18.586 [http-nio-8066-exec-1] INFO  o.a.c.c.C.[Tomcat].[localhost].[/mycrud] - Initializing Spring DispatcherServlet 'dispatcherServlet'
2023-01-09 18:03:18.586 [http-nio-8066-exec-1] INFO  org.springframework.web.servlet.DispatcherServlet - Initializing Servlet 'dispatcherServlet'
2023-01-09 18:03:18.587 [http-nio-8066-exec-1] INFO  org.springframework.web.servlet.DispatcherServlet - Completed initialization in 1 ms
2023-01-09 19:12:57.391 [SpringApplicationShutdownHook] INFO  com.zaxxer.hikari.HikariDataSource - HikariPool-1 - Shutdown initiated...
2023-01-09 19:12:57.400 [SpringApplicationShutdownHook] INFO  com.zaxxer.hikari.HikariDataSource - HikariPool-1 - Shutdown completed.
2023-01-09 19:13:07.628 [main] INFO  org.example.demo.MycrudApplication - Starting MycrudApplication using Java 11.0.17 on macdeMacBook-Pro.local with PID 18421 (/Applications/XAMPP/xamppfiles/htdocs/my_practice22/my_java/mycrud/target/classes started by mac in /Applications/XAMPP/xamppfiles/htdocs/my_practice22/my_java/mycrud)
2023-01-09 19:13:07.631 [main] INFO  org.example.demo.MycrudApplication - The following 1 profile is active: "prod"
2023-01-09 19:13:08.144 [main] INFO  o.s.d.r.config.RepositoryConfigurationDelegate - Bootstrapping Spring Data JDBC repositories in DEFAULT mode.
2023-01-09 19:13:08.155 [main] INFO  o.s.d.r.config.RepositoryConfigurationDelegate - Finished Spring Data repository scanning in 5 ms. Found 0 JDBC repository interfaces.
2023-01-09 19:13:08.575 [main] INFO  o.s.boot.web.embedded.tomcat.TomcatWebServer - Tomcat initialized with port(s): 8066 (http)
2023-01-09 19:13:08.589 [main] INFO  org.apache.catalina.core.StandardService - Starting service [Tomcat]
2023-01-09 19:13:08.589 [main] INFO  org.apache.catalina.core.StandardEngine - Starting Servlet engine: [Apache Tomcat/9.0.60]
2023-01-09 19:13:08.702 [main] INFO  o.a.c.c.C.[Tomcat].[localhost].[/mycrud] - Initializing Spring embedded WebApplicationContext
2023-01-09 19:13:08.703 [main] INFO  o.s.b.w.s.c.ServletWebServerApplicationContext - Root WebApplicationContext: initialization completed in 1032 ms
2023-01-09 19:13:09.246 [main] INFO  com.zaxxer.hikari.HikariDataSource - HikariPool-1 - Starting...
2023-01-09 19:13:09.395 [main] INFO  com.zaxxer.hikari.HikariDataSource - HikariPool-1 - Start completed.
2023-01-09 19:13:09.555 [main] INFO  o.s.boot.web.embedded.tomcat.TomcatWebServer - Tomcat started on port(s): 8066 (http) with context path '/mycrud'
2023-01-09 19:13:09.563 [main] INFO  org.example.demo.MycrudApplication - Started MycrudApplication in 2.366 seconds (JVM running for 7.946)
2023-01-09 19:13:22.419 [http-nio-8066-exec-1] INFO  o.a.c.c.C.[Tomcat].[localhost].[/mycrud] - Initializing Spring DispatcherServlet 'dispatcherServlet'
2023-01-09 19:13:22.420 [http-nio-8066-exec-1] INFO  org.springframework.web.servlet.DispatcherServlet - Initializing Servlet 'dispatcherServlet'
2023-01-09 19:13:22.421 [http-nio-8066-exec-1] INFO  org.springframework.web.servlet.DispatcherServlet - Completed initialization in 0 ms
2023-01-09 19:16:37.133 [SpringApplicationShutdownHook] INFO  com.zaxxer.hikari.HikariDataSource - HikariPool-1 - Shutdown initiated...
2023-01-09 19:16:37.146 [SpringApplicationShutdownHook] INFO  com.zaxxer.hikari.HikariDataSource - HikariPool-1 - Shutdown completed.
2023-01-09 19:16:45.854 [main] INFO  org.example.demo.MycrudApplication - Starting MycrudApplication using Java 11.0.17 on macdeMacBook-Pro.local with PID 18615 (/Applications/XAMPP/xamppfiles/htdocs/my_practice22/my_java/mycrud/target/classes started by mac in /Applications/XAMPP/xamppfiles/htdocs/my_practice22/my_java/mycrud)
2023-01-09 19:16:45.857 [main] INFO  org.example.demo.MycrudApplication - The following 1 profile is active: "prod"
2023-01-09 19:16:46.381 [main] INFO  o.s.d.r.config.RepositoryConfigurationDelegate - Bootstrapping Spring Data JDBC repositories in DEFAULT mode.
2023-01-09 19:16:46.394 [main] INFO  o.s.d.r.config.RepositoryConfigurationDelegate - Finished Spring Data repository scanning in 8 ms. Found 0 JDBC repository interfaces.
2023-01-09 19:16:46.884 [main] INFO  o.s.boot.web.embedded.tomcat.TomcatWebServer - Tomcat initialized with port(s): 8066 (http)
2023-01-09 19:16:46.900 [main] INFO  org.apache.catalina.core.StandardService - Starting service [Tomcat]
2023-01-09 19:16:46.900 [main] INFO  org.apache.catalina.core.StandardEngine - Starting Servlet engine: [Apache Tomcat/9.0.60]
2023-01-09 19:16:47.014 [main] INFO  o.a.c.c.C.[Tomcat].[localhost].[/mycrud] - Initializing Spring embedded WebApplicationContext
2023-01-09 19:16:47.014 [main] INFO  o.s.b.w.s.c.ServletWebServerApplicationContext - Root WebApplicationContext: initialization completed in 1117 ms
2023-01-09 19:16:47.608 [main] INFO  com.zaxxer.hikari.HikariDataSource - HikariPool-1 - Starting...
2023-01-09 19:16:47.748 [main] INFO  com.zaxxer.hikari.HikariDataSource - HikariPool-1 - Start completed.
2023-01-09 19:16:47.918 [main] INFO  o.s.boot.web.embedded.tomcat.TomcatWebServer - Tomcat started on port(s): 8066 (http) with context path '/mycrud'
2023-01-09 19:16:47.926 [main] INFO  org.example.demo.MycrudApplication - Started MycrudApplication in 2.501 seconds (JVM running for 8.044)
2023-01-09 19:16:55.241 [http-nio-8066-exec-1] INFO  o.a.c.c.C.[Tomcat].[localhost].[/mycrud] - Initializing Spring DispatcherServlet 'dispatcherServlet'
2023-01-09 19:16:55.242 [http-nio-8066-exec-1] INFO  org.springframework.web.servlet.DispatcherServlet - Initializing Servlet 'dispatcherServlet'
2023-01-09 19:16:55.243 [http-nio-8066-exec-1] INFO  org.springframework.web.servlet.DispatcherServlet - Completed initialization in 1 ms
2023-01-09 19:21:47.880 [SpringApplicationShutdownHook] INFO  com.zaxxer.hikari.HikariDataSource - HikariPool-1 - Shutdown initiated...
2023-01-09 19:21:47.891 [SpringApplicationShutdownHook] INFO  com.zaxxer.hikari.HikariDataSource - HikariPool-1 - Shutdown completed.
