2023-01-12 10:49:54.856 [main] INFO  org22.example22.demo.MycrudApplication - Starting MycrudApplication using Java 11.0.17 on macdeMacBook-Pro.local with PID 2296 (/Applications/XAMPP/xamppfiles/htdocs/my_practice22/my_java/mycrud/target/classes started by mac in /Applications/XAMPP/xamppfiles/htdocs/my_practice22/my_java/mycrud)
2023-01-12 10:49:54.861 [main] INFO  org22.example22.demo.MycrudApplication - The following 1 profile is active: "prod"
2023-01-12 10:49:55.434 [main] INFO  o.s.d.r.config.RepositoryConfigurationDelegate - Bootstrapping Spring Data JDBC repositories in DEFAULT mode.
2023-01-12 10:49:55.444 [main] INFO  o.s.d.r.config.RepositoryConfigurationDelegate - Finished Spring Data repository scanning in 5 ms. Found 0 JDBC repository interfaces.
2023-01-12 10:49:55.892 [main] INFO  o.s.boot.web.embedded.tomcat.TomcatWebServer - Tomcat initialized with port(s): 8066 (http)
2023-01-12 10:49:55.915 [main] INFO  org.apache.catalina.core.StandardService - Starting service [Tomcat]
2023-01-12 10:49:55.915 [main] INFO  org.apache.catalina.core.StandardEngine - Starting Servlet engine: [Apache Tomcat/9.0.60]
2023-01-12 10:49:56.045 [main] INFO  o.a.c.c.C.[Tomcat].[localhost].[/mycrud] - Initializing Spring embedded WebApplicationContext
2023-01-12 10:49:56.045 [main] INFO  o.s.b.w.s.c.ServletWebServerApplicationContext - Root WebApplicationContext: initialization completed in 1146 ms
2023-01-12 10:49:56.708 [main] INFO  com.zaxxer.hikari.HikariDataSource - HikariPool-1 - Starting...
2023-01-12 10:49:56.861 [main] INFO  com.zaxxer.hikari.HikariDataSource - HikariPool-1 - Start completed.
2023-01-12 10:49:57.167 [main] INFO  o.s.boot.web.embedded.tomcat.TomcatWebServer - Tomcat started on port(s): 8066 (http) with context path '/mycrud'
2023-01-12 10:49:57.179 [main] INFO  org22.example22.demo.MycrudApplication - Started MycrudApplication in 2.889 seconds (JVM running for 8.68)
2023-01-12 10:49:59.505 [SpringApplicationShutdownHook] INFO  com.zaxxer.hikari.HikariDataSource - HikariPool-1 - Shutdown initiated...
2023-01-12 10:49:59.513 [SpringApplicationShutdownHook] INFO  com.zaxxer.hikari.HikariDataSource - HikariPool-1 - Shutdown completed.
2023-01-12 11:55:54.000 [main] INFO  org22.example22.demo.MycrudApplication - Starting MycrudApplication using Java 11.0.17 on macdeMacBook-Pro.local with PID 5541 (/Applications/XAMPP/xamppfiles/htdocs/my_practice22/my_java/mycrud/target/classes started by mac in /Applications/XAMPP/xamppfiles/htdocs/my_practice22/my_java/mycrud)
2023-01-12 11:55:54.004 [main] INFO  org22.example22.demo.MycrudApplication - The following 1 profile is active: "prod"
2023-01-12 11:55:54.606 [main] INFO  o.s.d.r.config.RepositoryConfigurationDelegate - Bootstrapping Spring Data JDBC repositories in DEFAULT mode.
2023-01-12 11:55:54.618 [main] INFO  o.s.d.r.config.RepositoryConfigurationDelegate - Finished Spring Data repository scanning in 6 ms. Found 0 JDBC repository interfaces.
2023-01-12 11:55:55.073 [main] INFO  o.s.boot.web.embedded.tomcat.TomcatWebServer - Tomcat initialized with port(s): 8066 (http)
2023-01-12 11:55:55.085 [main] INFO  org.apache.catalina.core.StandardService - Starting service [Tomcat]
2023-01-12 11:55:55.085 [main] INFO  org.apache.catalina.core.StandardEngine - Starting Servlet engine: [Apache Tomcat/9.0.60]
2023-01-12 11:55:55.204 [main] INFO  o.a.c.c.C.[Tomcat].[localhost].[/mycrud] - Initializing Spring embedded WebApplicationContext
2023-01-12 11:55:55.205 [main] INFO  o.s.b.w.s.c.ServletWebServerApplicationContext - Root WebApplicationContext: initialization completed in 1165 ms
2023-01-12 11:55:55.855 [main] INFO  com.zaxxer.hikari.HikariDataSource - HikariPool-1 - Starting...
2023-01-12 11:55:55.986 [main] INFO  com.zaxxer.hikari.HikariDataSource - HikariPool-1 - Start completed.
2023-01-12 11:55:56.238 [main] INFO  o.s.boot.web.embedded.tomcat.TomcatWebServer - Tomcat started on port(s): 8066 (http) with context path '/mycrud'
2023-01-12 11:55:56.247 [main] INFO  org22.example22.demo.MycrudApplication - Started MycrudApplication in 2.756 seconds (JVM running for 8.438)
2023-01-12 14:42:15.851 [SpringApplicationShutdownHook] INFO  com.zaxxer.hikari.HikariDataSource - HikariPool-1 - Shutdown initiated...
2023-01-12 14:42:15.869 [SpringApplicationShutdownHook] INFO  com.zaxxer.hikari.HikariDataSource - HikariPool-1 - Shutdown completed.
2023-01-12 14:43:10.862 [main] INFO  org22.example22.demo.MycrudApplication - Starting MycrudApplication v1.0-SNAPSHOT using Java 16.0.1 on macdeMacBook-Pro.local with PID 9804 (/Applications/XAMPP/xamppfiles/htdocs/my_practice22/my_java/mycrud/target/demo-1.0-SNAPSHOT.jar started by mac in /Applications/XAMPP/xamppfiles/htdocs/my_practice22/my_java/mycrud)
2023-01-12 14:43:10.866 [main] INFO  org22.example22.demo.MycrudApplication - The following 1 profile is active: "prod"
2023-01-12 14:43:11.606 [main] INFO  o.s.d.r.config.RepositoryConfigurationDelegate - Bootstrapping Spring Data JDBC repositories in DEFAULT mode.
2023-01-12 14:43:11.621 [main] INFO  o.s.d.r.config.RepositoryConfigurationDelegate - Finished Spring Data repository scanning in 8 ms. Found 0 JDBC repository interfaces.
2023-01-12 14:43:12.269 [main] INFO  o.s.boot.web.embedded.tomcat.TomcatWebServer - Tomcat initialized with port(s): 8066 (http)
2023-01-12 14:43:12.284 [main] INFO  org.apache.catalina.core.StandardService - Starting service [Tomcat]
2023-01-12 14:43:12.284 [main] INFO  org.apache.catalina.core.StandardEngine - Starting Servlet engine: [Apache Tomcat/9.0.60]
2023-01-12 14:43:12.373 [main] INFO  o.a.c.c.C.[Tomcat].[localhost].[/mycrud] - Initializing Spring embedded WebApplicationContext
2023-01-12 14:43:12.373 [main] INFO  o.s.b.w.s.c.ServletWebServerApplicationContext - Root WebApplicationContext: initialization completed in 1443 ms
2023-01-12 14:43:13.111 [main] INFO  com.zaxxer.hikari.HikariDataSource - HikariPool-1 - Starting...
2023-01-12 14:43:13.309 [main] INFO  com.zaxxer.hikari.HikariDataSource - HikariPool-1 - Start completed.
2023-01-12 14:43:13.621 [main] INFO  o.s.boot.web.embedded.tomcat.TomcatWebServer - Tomcat started on port(s): 8066 (http) with context path '/mycrud'
2023-01-12 14:43:13.631 [main] INFO  org22.example22.demo.MycrudApplication - Started MycrudApplication in 8.547 seconds (JVM running for 9.274)
2023-01-12 14:43:19.437 [SpringApplicationShutdownHook] INFO  com.zaxxer.hikari.HikariDataSource - HikariPool-1 - Shutdown initiated...
2023-01-12 14:43:19.450 [SpringApplicationShutdownHook] INFO  com.zaxxer.hikari.HikariDataSource - HikariPool-1 - Shutdown completed.
2023-01-12 15:59:39.841 [main] INFO  org22.example22.demo.MycrudApplication - Starting MycrudApplication using Java 11.0.17 on macdeMacBook-Pro.local with PID 13744 (/Applications/XAMPP/xamppfiles/htdocs/my_practice22/my_java/mycrud/target/classes started by mac in /Applications/XAMPP/xamppfiles/htdocs/my_practice22/my_java/mycrud)
2023-01-12 15:59:39.844 [main] INFO  org22.example22.demo.MycrudApplication - The following 1 profile is active: "prod"
2023-01-12 15:59:40.338 [main] INFO  o.s.d.r.config.RepositoryConfigurationDelegate - Bootstrapping Spring Data JDBC repositories in DEFAULT mode.
2023-01-12 15:59:40.346 [main] INFO  o.s.d.r.config.RepositoryConfigurationDelegate - Finished Spring Data repository scanning in 4 ms. Found 0 JDBC repository interfaces.
2023-01-12 15:59:40.711 [main] INFO  o.s.boot.web.embedded.tomcat.TomcatWebServer - Tomcat initialized with port(s): 8066 (http)
2023-01-12 15:59:40.718 [main] INFO  org.apache.catalina.core.StandardService - Starting service [Tomcat]
2023-01-12 15:59:40.719 [main] INFO  org.apache.catalina.core.StandardEngine - Starting Servlet engine: [Apache Tomcat/9.0.60]
2023-01-12 15:59:40.835 [main] INFO  o.a.c.c.C.[Tomcat].[localhost].[/mycrud] - Initializing Spring embedded WebApplicationContext
2023-01-12 15:59:40.835 [main] INFO  o.s.b.w.s.c.ServletWebServerApplicationContext - Root WebApplicationContext: initialization completed in 956 ms
2023-01-12 15:59:41.386 [main] INFO  com.zaxxer.hikari.HikariDataSource - HikariPool-1 - Starting...
2023-01-12 15:59:41.524 [main] INFO  com.zaxxer.hikari.HikariDataSource - HikariPool-1 - Start completed.
2023-01-12 15:59:41.759 [main] INFO  o.s.boot.web.embedded.tomcat.TomcatWebServer - Tomcat started on port(s): 8066 (http) with context path '/mycrud'
2023-01-12 15:59:41.769 [main] INFO  org22.example22.demo.MycrudApplication - Started MycrudApplication in 2.401 seconds (JVM running for 8.051)
2023-01-12 15:59:56.828 [http-nio-8066-exec-1] INFO  o.a.c.c.C.[Tomcat].[localhost].[/mycrud] - Initializing Spring DispatcherServlet 'dispatcherServlet'
2023-01-12 15:59:56.829 [http-nio-8066-exec-1] INFO  org.springframework.web.servlet.DispatcherServlet - Initializing Servlet 'dispatcherServlet'
2023-01-12 15:59:56.831 [http-nio-8066-exec-1] INFO  org.springframework.web.servlet.DispatcherServlet - Completed initialization in 1 ms
2023-01-12 16:02:51.781 [SpringApplicationShutdownHook] INFO  com.zaxxer.hikari.HikariDataSource - HikariPool-1 - Shutdown initiated...
2023-01-12 16:02:51.803 [SpringApplicationShutdownHook] INFO  com.zaxxer.hikari.HikariDataSource - HikariPool-1 - Shutdown completed.
2023-01-12 16:03:01.972 [main] INFO  org22.example22.demo.MycrudApplication - Starting MycrudApplication using Java 11.0.17 on macdeMacBook-Pro.local with PID 13906 (/Applications/XAMPP/xamppfiles/htdocs/my_practice22/my_java/mycrud/target/classes started by mac in /Applications/XAMPP/xamppfiles/htdocs/my_practice22/my_java/mycrud)
2023-01-12 16:03:01.976 [main] INFO  org22.example22.demo.MycrudApplication - The following 1 profile is active: "prod"
2023-01-12 16:03:02.618 [main] INFO  o.s.d.r.config.RepositoryConfigurationDelegate - Bootstrapping Spring Data JDBC repositories in DEFAULT mode.
2023-01-12 16:03:02.628 [main] INFO  o.s.d.r.config.RepositoryConfigurationDelegate - Finished Spring Data repository scanning in 6 ms. Found 0 JDBC repository interfaces.
2023-01-12 16:03:03.022 [main] INFO  o.s.boot.web.embedded.tomcat.TomcatWebServer - Tomcat initialized with port(s): 8066 (http)
2023-01-12 16:03:03.029 [main] INFO  org.apache.catalina.core.StandardService - Starting service [Tomcat]
2023-01-12 16:03:03.030 [main] INFO  org.apache.catalina.core.StandardEngine - Starting Servlet engine: [Apache Tomcat/9.0.60]
2023-01-12 16:03:03.123 [main] INFO  o.a.c.c.C.[Tomcat].[localhost].[/mycrud] - Initializing Spring embedded WebApplicationContext
2023-01-12 16:03:03.123 [main] INFO  o.s.b.w.s.c.ServletWebServerApplicationContext - Root WebApplicationContext: initialization completed in 1093 ms
2023-01-12 16:03:03.642 [main] INFO  com.zaxxer.hikari.HikariDataSource - HikariPool-1 - Starting...
2023-01-12 16:03:03.756 [main] INFO  com.zaxxer.hikari.HikariDataSource - HikariPool-1 - Start completed.
2023-01-12 16:03:03.989 [main] INFO  o.s.boot.web.embedded.tomcat.TomcatWebServer - Tomcat started on port(s): 8066 (http) with context path '/mycrud'
2023-01-12 16:03:03.998 [main] INFO  org22.example22.demo.MycrudApplication - Started MycrudApplication in 2.494 seconds (JVM running for 8.082)
2023-01-12 16:03:08.961 [http-nio-8066-exec-2] INFO  o.a.c.c.C.[Tomcat].[localhost].[/mycrud] - Initializing Spring DispatcherServlet 'dispatcherServlet'
2023-01-12 16:03:08.962 [http-nio-8066-exec-2] INFO  org.springframework.web.servlet.DispatcherServlet - Initializing Servlet 'dispatcherServlet'
2023-01-12 16:03:08.963 [http-nio-8066-exec-2] INFO  org.springframework.web.servlet.DispatcherServlet - Completed initialization in 1 ms
2023-01-12 16:06:53.763 [SpringApplicationShutdownHook] INFO  com.zaxxer.hikari.HikariDataSource - HikariPool-1 - Shutdown initiated...
2023-01-12 16:06:53.786 [SpringApplicationShutdownHook] INFO  com.zaxxer.hikari.HikariDataSource - HikariPool-1 - Shutdown completed.
2023-01-12 17:57:43.551 [main] INFO  org22.example22.demo.MycrudApplication - Starting MycrudApplication using Java 11.0.17 on macdeMacBook-Pro.local with PID 18800 (/Applications/XAMPP/xamppfiles/htdocs/my_practice22/my_java/mycrud/target/classes started by mac in /Applications/XAMPP/xamppfiles/htdocs/my_practice22/my_java/mycrud)
2023-01-12 17:57:43.555 [main] INFO  org22.example22.demo.MycrudApplication - The following 1 profile is active: "prod"
2023-01-12 17:57:44.050 [main] INFO  o.s.d.r.config.RepositoryConfigurationDelegate - Bootstrapping Spring Data JDBC repositories in DEFAULT mode.
2023-01-12 17:57:44.058 [main] INFO  o.s.d.r.config.RepositoryConfigurationDelegate - Finished Spring Data repository scanning in 4 ms. Found 0 JDBC repository interfaces.
2023-01-12 17:57:44.459 [main] INFO  o.s.boot.web.embedded.tomcat.TomcatWebServer - Tomcat initialized with port(s): 8066 (http)
2023-01-12 17:57:44.469 [main] INFO  org.apache.catalina.core.StandardService - Starting service [Tomcat]
2023-01-12 17:57:44.469 [main] INFO  org.apache.catalina.core.StandardEngine - Starting Servlet engine: [Apache Tomcat/9.0.60]
2023-01-12 17:57:44.577 [main] INFO  o.a.c.c.C.[Tomcat].[localhost].[/mycrud] - Initializing Spring embedded WebApplicationContext
2023-01-12 17:57:44.577 [main] INFO  o.s.b.w.s.c.ServletWebServerApplicationContext - Root WebApplicationContext: initialization completed in 987 ms
2023-01-12 17:57:44.883 [main] INFO  org.apache.catalina.core.StandardService - Stopping service [Tomcat]
2023-01-12 17:57:44.893 [main] INFO  o.s.b.a.l.ConditionEvaluationReportLoggingListener - 

Error starting ApplicationContext. To display the conditions report re-run your application with 'debug' enabled.
2023-01-12 18:09:46.606 [main] INFO  org22.example22.demo.MycrudApplication - Starting MycrudApplication using Java 11.0.17 on macdeMacBook-Pro.local with PID 19322 (/Applications/XAMPP/xamppfiles/htdocs/my_practice22/my_java/mycrud/target/classes started by mac in /Applications/XAMPP/xamppfiles/htdocs/my_practice22/my_java/mycrud)
2023-01-12 18:09:46.610 [main] INFO  org22.example22.demo.MycrudApplication - The following 1 profile is active: "prod"
2023-01-12 18:09:47.103 [main] INFO  o.s.d.r.config.RepositoryConfigurationDelegate - Bootstrapping Spring Data JDBC repositories in DEFAULT mode.
2023-01-12 18:09:47.113 [main] INFO  o.s.d.r.config.RepositoryConfigurationDelegate - Finished Spring Data repository scanning in 6 ms. Found 0 JDBC repository interfaces.
2023-01-12 18:09:47.513 [main] INFO  o.s.boot.web.embedded.tomcat.TomcatWebServer - Tomcat initialized with port(s): 8066 (http)
2023-01-12 18:09:47.533 [main] INFO  org.apache.catalina.core.StandardService - Starting service [Tomcat]
2023-01-12 18:09:47.533 [main] INFO  org.apache.catalina.core.StandardEngine - Starting Servlet engine: [Apache Tomcat/9.0.60]
2023-01-12 18:09:47.637 [main] INFO  o.a.c.c.C.[Tomcat].[localhost].[/mycrud] - Initializing Spring embedded WebApplicationContext
2023-01-12 18:09:47.637 [main] INFO  o.s.b.w.s.c.ServletWebServerApplicationContext - Root WebApplicationContext: initialization completed in 992 ms
2023-01-12 18:09:48.164 [main] INFO  com.zaxxer.hikari.HikariDataSource - HikariPool-1 - Starting...
2023-01-12 18:09:48.289 [main] INFO  com.zaxxer.hikari.HikariDataSource - HikariPool-1 - Start completed.
2023-01-12 18:09:48.556 [main] INFO  o.s.boot.web.embedded.tomcat.TomcatWebServer - Tomcat started on port(s): 8066 (http) with context path '/mycrud'
2023-01-12 18:09:48.571 [main] INFO  org22.example22.demo.MycrudApplication - Started MycrudApplication in 2.372 seconds (JVM running for 7.942)
2023-01-12 18:09:50.333 [http-nio-8066-exec-1] INFO  o.a.c.c.C.[Tomcat].[localhost].[/mycrud] - Initializing Spring DispatcherServlet 'dispatcherServlet'
2023-01-12 18:09:50.333 [http-nio-8066-exec-1] INFO  org.springframework.web.servlet.DispatcherServlet - Initializing Servlet 'dispatcherServlet'
2023-01-12 18:09:50.334 [http-nio-8066-exec-1] INFO  org.springframework.web.servlet.DispatcherServlet - Completed initialization in 1 ms
2023-01-12 18:13:11.936 [SpringApplicationShutdownHook] INFO  com.zaxxer.hikari.HikariDataSource - HikariPool-1 - Shutdown initiated...
2023-01-12 18:13:11.954 [SpringApplicationShutdownHook] INFO  com.zaxxer.hikari.HikariDataSource - HikariPool-1 - Shutdown completed.
2023-01-12 18:13:20.956 [main] INFO  org22.example22.demo.MycrudApplication - Starting MycrudApplication using Java 11.0.17 on macdeMacBook-Pro.local with PID 19526 (/Applications/XAMPP/xamppfiles/htdocs/my_practice22/my_java/mycrud/target/classes started by mac in /Applications/XAMPP/xamppfiles/htdocs/my_practice22/my_java/mycrud)
2023-01-12 18:13:20.959 [main] INFO  org22.example22.demo.MycrudApplication - The following 1 profile is active: "prod"
2023-01-12 18:13:21.458 [main] INFO  o.s.d.r.config.RepositoryConfigurationDelegate - Bootstrapping Spring Data JDBC repositories in DEFAULT mode.
2023-01-12 18:13:21.468 [main] INFO  o.s.d.r.config.RepositoryConfigurationDelegate - Finished Spring Data repository scanning in 6 ms. Found 0 JDBC repository interfaces.
2023-01-12 18:13:21.898 [main] INFO  o.s.boot.web.embedded.tomcat.TomcatWebServer - Tomcat initialized with port(s): 8066 (http)
2023-01-12 18:13:21.906 [main] INFO  org.apache.catalina.core.StandardService - Starting service [Tomcat]
2023-01-12 18:13:21.907 [main] INFO  org.apache.catalina.core.StandardEngine - Starting Servlet engine: [Apache Tomcat/9.0.60]
2023-01-12 18:13:22.005 [main] INFO  o.a.c.c.C.[Tomcat].[localhost].[/mycrud] - Initializing Spring embedded WebApplicationContext
2023-01-12 18:13:22.005 [main] INFO  o.s.b.w.s.c.ServletWebServerApplicationContext - Root WebApplicationContext: initialization completed in 1012 ms
2023-01-12 18:13:22.262 [main] INFO  org.apache.catalina.core.StandardService - Stopping service [Tomcat]
2023-01-12 18:13:22.272 [main] INFO  o.s.b.a.l.ConditionEvaluationReportLoggingListener - 

Error starting ApplicationContext. To display the conditions report re-run your application with 'debug' enabled.
2023-01-12 18:14:14.096 [main] INFO  org22.example22.demo.MycrudApplication - Starting MycrudApplication using Java 11.0.17 on macdeMacBook-Pro.local with PID 19591 (/Applications/XAMPP/xamppfiles/htdocs/my_practice22/my_java/mycrud/target/classes started by mac in /Applications/XAMPP/xamppfiles/htdocs/my_practice22/my_java/mycrud)
2023-01-12 18:14:14.099 [main] INFO  org22.example22.demo.MycrudApplication - The following 1 profile is active: "prod"
2023-01-12 18:14:14.592 [main] INFO  o.s.d.r.config.RepositoryConfigurationDelegate - Bootstrapping Spring Data JDBC repositories in DEFAULT mode.
2023-01-12 18:14:14.599 [main] INFO  o.s.d.r.config.RepositoryConfigurationDelegate - Finished Spring Data repository scanning in 4 ms. Found 0 JDBC repository interfaces.
2023-01-12 18:14:15.037 [main] INFO  o.s.boot.web.embedded.tomcat.TomcatWebServer - Tomcat initialized with port(s): 8066 (http)
2023-01-12 18:14:15.048 [main] INFO  org.apache.catalina.core.StandardService - Starting service [Tomcat]
2023-01-12 18:14:15.049 [main] INFO  org.apache.catalina.core.StandardEngine - Starting Servlet engine: [Apache Tomcat/9.0.60]
2023-01-12 18:14:15.151 [main] INFO  o.a.c.c.C.[Tomcat].[localhost].[/mycrud] - Initializing Spring embedded WebApplicationContext
2023-01-12 18:14:15.152 [main] INFO  o.s.b.w.s.c.ServletWebServerApplicationContext - Root WebApplicationContext: initialization completed in 1015 ms
2023-01-12 18:14:15.453 [main] INFO  org.apache.catalina.core.StandardService - Stopping service [Tomcat]
2023-01-12 18:14:15.465 [main] INFO  o.s.b.a.l.ConditionEvaluationReportLoggingListener - 

Error starting ApplicationContext. To display the conditions report re-run your application with 'debug' enabled.
2023-01-12 18:14:34.178 [main] INFO  org22.example22.demo.MycrudApplication - Starting MycrudApplication using Java 11.0.17 on macdeMacBook-Pro.local with PID 19611 (/Applications/XAMPP/xamppfiles/htdocs/my_practice22/my_java/mycrud/target/classes started by mac in /Applications/XAMPP/xamppfiles/htdocs/my_practice22/my_java/mycrud)
2023-01-12 18:14:34.181 [main] INFO  org22.example22.demo.MycrudApplication - The following 1 profile is active: "prod"
2023-01-12 18:14:34.759 [main] INFO  o.s.d.r.config.RepositoryConfigurationDelegate - Bootstrapping Spring Data JDBC repositories in DEFAULT mode.
2023-01-12 18:14:34.769 [main] INFO  o.s.d.r.config.RepositoryConfigurationDelegate - Finished Spring Data repository scanning in 6 ms. Found 0 JDBC repository interfaces.
2023-01-12 18:14:35.344 [main] INFO  o.s.boot.web.embedded.tomcat.TomcatWebServer - Tomcat initialized with port(s): 8066 (http)
2023-01-12 18:14:35.354 [main] INFO  org.apache.catalina.core.StandardService - Starting service [Tomcat]
2023-01-12 18:14:35.355 [main] INFO  org.apache.catalina.core.StandardEngine - Starting Servlet engine: [Apache Tomcat/9.0.60]
2023-01-12 18:14:35.464 [main] INFO  o.a.c.c.C.[Tomcat].[localhost].[/mycrud] - Initializing Spring embedded WebApplicationContext
2023-01-12 18:14:35.464 [main] INFO  o.s.b.w.s.c.ServletWebServerApplicationContext - Root WebApplicationContext: initialization completed in 1251 ms
2023-01-12 18:14:35.723 [main] INFO  org.apache.catalina.core.StandardService - Stopping service [Tomcat]
2023-01-12 18:14:35.734 [main] INFO  o.s.b.a.l.ConditionEvaluationReportLoggingListener - 

Error starting ApplicationContext. To display the conditions report re-run your application with 'debug' enabled.
2023-01-12 18:14:52.382 [main] INFO  org22.example22.demo.MycrudApplication - Starting MycrudApplication using Java 11.0.17 on macdeMacBook-Pro.local with PID 19633 (/Applications/XAMPP/xamppfiles/htdocs/my_practice22/my_java/mycrud/target/classes started by mac in /Applications/XAMPP/xamppfiles/htdocs/my_practice22/my_java/mycrud)
2023-01-12 18:14:52.384 [main] INFO  org22.example22.demo.MycrudApplication - The following 1 profile is active: "prod"
2023-01-12 18:14:52.858 [main] INFO  o.s.d.r.config.RepositoryConfigurationDelegate - Bootstrapping Spring Data JDBC repositories in DEFAULT mode.
2023-01-12 18:14:52.867 [main] INFO  o.s.d.r.config.RepositoryConfigurationDelegate - Finished Spring Data repository scanning in 6 ms. Found 0 JDBC repository interfaces.
2023-01-12 18:14:53.299 [main] INFO  o.s.boot.web.embedded.tomcat.TomcatWebServer - Tomcat initialized with port(s): 8066 (http)
2023-01-12 18:14:53.315 [main] INFO  org.apache.catalina.core.StandardService - Starting service [Tomcat]
2023-01-12 18:14:53.316 [main] INFO  org.apache.catalina.core.StandardEngine - Starting Servlet engine: [Apache Tomcat/9.0.60]
2023-01-12 18:14:53.429 [main] INFO  o.a.c.c.C.[Tomcat].[localhost].[/mycrud] - Initializing Spring embedded WebApplicationContext
2023-01-12 18:14:53.429 [main] INFO  o.s.b.w.s.c.ServletWebServerApplicationContext - Root WebApplicationContext: initialization completed in 1016 ms
2023-01-12 18:14:53.707 [main] INFO  org.apache.catalina.core.StandardService - Stopping service [Tomcat]
2023-01-12 18:14:53.718 [main] INFO  o.s.b.a.l.ConditionEvaluationReportLoggingListener - 

Error starting ApplicationContext. To display the conditions report re-run your application with 'debug' enabled.
2023-01-12 19:01:37.235 [main] INFO  org22.example22.demo.MycrudApplication - Starting MycrudApplication using Java 11.0.17 on macdeMacBook-Pro.local with PID 21317 (/Applications/XAMPP/xamppfiles/htdocs/my_practice22/my_java/mycrud/target/classes started by mac in /Applications/XAMPP/xamppfiles/htdocs/my_practice22/my_java/mycrud)
2023-01-12 19:01:37.238 [main] INFO  org22.example22.demo.MycrudApplication - The following 1 profile is active: "prod"
2023-01-12 19:01:37.742 [main] INFO  o.s.d.r.config.RepositoryConfigurationDelegate - Bootstrapping Spring Data JDBC repositories in DEFAULT mode.
2023-01-12 19:01:37.751 [main] INFO  o.s.d.r.config.RepositoryConfigurationDelegate - Finished Spring Data repository scanning in 5 ms. Found 0 JDBC repository interfaces.
2023-01-12 19:01:38.144 [main] INFO  o.s.boot.web.embedded.tomcat.TomcatWebServer - Tomcat initialized with port(s): 8066 (http)
2023-01-12 19:01:38.163 [main] INFO  org.apache.catalina.core.StandardService - Starting service [Tomcat]
2023-01-12 19:01:38.163 [main] INFO  org.apache.catalina.core.StandardEngine - Starting Servlet engine: [Apache Tomcat/9.0.60]
2023-01-12 19:01:38.260 [main] INFO  o.a.c.c.C.[Tomcat].[localhost].[/mycrud] - Initializing Spring embedded WebApplicationContext
2023-01-12 19:01:38.260 [main] INFO  o.s.b.w.s.c.ServletWebServerApplicationContext - Root WebApplicationContext: initialization completed in 984 ms
2023-01-12 19:01:38.528 [main] INFO  org.apache.catalina.core.StandardService - Stopping service [Tomcat]
2023-01-12 19:01:38.539 [main] INFO  o.s.b.a.l.ConditionEvaluationReportLoggingListener - 

Error starting ApplicationContext. To display the conditions report re-run your application with 'debug' enabled.
2023-01-12 19:06:47.373 [main] INFO  org22.example22.demo.MycrudApplication - Starting MycrudApplication using Java 11.0.17 on macdeMacBook-Pro.local with PID 21617 (/Applications/XAMPP/xamppfiles/htdocs/my_practice22/my_java/mycrud/target/classes started by mac in /Applications/XAMPP/xamppfiles/htdocs/my_practice22/my_java/mycrud)
2023-01-12 19:06:47.376 [main] INFO  org22.example22.demo.MycrudApplication - The following 1 profile is active: "prod"
2023-01-12 19:06:47.928 [main] INFO  o.s.d.r.config.RepositoryConfigurationDelegate - Bootstrapping Spring Data JDBC repositories in DEFAULT mode.
2023-01-12 19:06:47.937 [main] INFO  o.s.d.r.config.RepositoryConfigurationDelegate - Finished Spring Data repository scanning in 5 ms. Found 0 JDBC repository interfaces.
2023-01-12 19:06:48.347 [main] INFO  o.s.boot.web.embedded.tomcat.TomcatWebServer - Tomcat initialized with port(s): 8066 (http)
2023-01-12 19:06:48.363 [main] INFO  org.apache.catalina.core.StandardService - Starting service [Tomcat]
2023-01-12 19:06:48.364 [main] INFO  org.apache.catalina.core.StandardEngine - Starting Servlet engine: [Apache Tomcat/9.0.60]
2023-01-12 19:06:48.487 [main] INFO  o.a.c.c.C.[Tomcat].[localhost].[/mycrud] - Initializing Spring embedded WebApplicationContext
2023-01-12 19:06:48.488 [main] INFO  o.s.b.w.s.c.ServletWebServerApplicationContext - Root WebApplicationContext: initialization completed in 1074 ms
2023-01-12 19:06:49.019 [main] INFO  com.zaxxer.hikari.HikariDataSource - HikariPool-1 - Starting...
2023-01-12 19:06:49.131 [main] INFO  com.zaxxer.hikari.HikariDataSource - HikariPool-1 - Start completed.
2023-01-12 19:06:49.357 [main] INFO  o.s.boot.web.embedded.tomcat.TomcatWebServer - Tomcat started on port(s): 8066 (http) with context path '/mycrud'
2023-01-12 19:06:49.366 [main] INFO  org22.example22.demo.MycrudApplication - Started MycrudApplication in 2.36 seconds (JVM running for 7.893)
2023-01-12 19:06:55.386 [http-nio-8066-exec-1] INFO  o.a.c.c.C.[Tomcat].[localhost].[/mycrud] - Initializing Spring DispatcherServlet 'dispatcherServlet'
2023-01-12 19:06:55.387 [http-nio-8066-exec-1] INFO  org.springframework.web.servlet.DispatcherServlet - Initializing Servlet 'dispatcherServlet'
2023-01-12 19:06:55.388 [http-nio-8066-exec-1] INFO  org.springframework.web.servlet.DispatcherServlet - Completed initialization in 1 ms
2023-01-12 19:07:52.111 [SpringApplicationShutdownHook] INFO  com.zaxxer.hikari.HikariDataSource - HikariPool-1 - Shutdown initiated...
2023-01-12 19:07:52.119 [SpringApplicationShutdownHook] INFO  com.zaxxer.hikari.HikariDataSource - HikariPool-1 - Shutdown completed.
2023-01-12 19:08:01.140 [main] INFO  org22.example22.demo.MycrudApplication - Starting MycrudApplication using Java 11.0.17 on macdeMacBook-Pro.local with PID 21696 (/Applications/XAMPP/xamppfiles/htdocs/my_practice22/my_java/mycrud/target/classes started by mac in /Applications/XAMPP/xamppfiles/htdocs/my_practice22/my_java/mycrud)
2023-01-12 19:08:01.143 [main] INFO  org22.example22.demo.MycrudApplication - The following 1 profile is active: "prod"
2023-01-12 19:08:01.675 [main] INFO  o.s.d.r.config.RepositoryConfigurationDelegate - Bootstrapping Spring Data JDBC repositories in DEFAULT mode.
2023-01-12 19:08:01.683 [main] INFO  o.s.d.r.config.RepositoryConfigurationDelegate - Finished Spring Data repository scanning in 4 ms. Found 0 JDBC repository interfaces.
2023-01-12 19:08:02.103 [main] INFO  o.s.boot.web.embedded.tomcat.TomcatWebServer - Tomcat initialized with port(s): 8066 (http)
2023-01-12 19:08:02.112 [main] INFO  org.apache.catalina.core.StandardService - Starting service [Tomcat]
2023-01-12 19:08:02.113 [main] INFO  org.apache.catalina.core.StandardEngine - Starting Servlet engine: [Apache Tomcat/9.0.60]
2023-01-12 19:08:02.214 [main] INFO  o.a.c.c.C.[Tomcat].[localhost].[/mycrud] - Initializing Spring embedded WebApplicationContext
2023-01-12 19:08:02.215 [main] INFO  o.s.b.w.s.c.ServletWebServerApplicationContext - Root WebApplicationContext: initialization completed in 1028 ms
2023-01-12 19:08:02.763 [main] INFO  com.zaxxer.hikari.HikariDataSource - HikariPool-1 - Starting...
2023-01-12 19:08:02.891 [main] INFO  com.zaxxer.hikari.HikariDataSource - HikariPool-1 - Start completed.
2023-01-12 19:08:03.182 [main] INFO  o.s.boot.web.embedded.tomcat.TomcatWebServer - Tomcat started on port(s): 8066 (http) with context path '/mycrud'
2023-01-12 19:08:03.192 [main] INFO  org22.example22.demo.MycrudApplication - Started MycrudApplication in 2.464 seconds (JVM running for 8.096)
2023-01-12 19:08:05.846 [http-nio-8066-exec-1] INFO  o.a.c.c.C.[Tomcat].[localhost].[/mycrud] - Initializing Spring DispatcherServlet 'dispatcherServlet'
2023-01-12 19:08:05.847 [http-nio-8066-exec-1] INFO  org.springframework.web.servlet.DispatcherServlet - Initializing Servlet 'dispatcherServlet'
2023-01-12 19:08:05.848 [http-nio-8066-exec-1] INFO  org.springframework.web.servlet.DispatcherServlet - Completed initialization in 1 ms
2023-01-12 19:08:46.304 [SpringApplicationShutdownHook] INFO  com.zaxxer.hikari.HikariDataSource - HikariPool-1 - Shutdown initiated...
2023-01-12 19:08:46.313 [SpringApplicationShutdownHook] INFO  com.zaxxer.hikari.HikariDataSource - HikariPool-1 - Shutdown completed.
2023-01-12 19:08:53.870 [main] INFO  org22.example22.demo.MycrudApplication - Starting MycrudApplication using Java 11.0.17 on macdeMacBook-Pro.local with PID 21756 (/Applications/XAMPP/xamppfiles/htdocs/my_practice22/my_java/mycrud/target/classes started by mac in /Applications/XAMPP/xamppfiles/htdocs/my_practice22/my_java/mycrud)
2023-01-12 19:08:53.872 [main] INFO  org22.example22.demo.MycrudApplication - The following 1 profile is active: "prod"
2023-01-12 19:08:54.387 [main] INFO  o.s.d.r.config.RepositoryConfigurationDelegate - Bootstrapping Spring Data JDBC repositories in DEFAULT mode.
2023-01-12 19:08:54.395 [main] INFO  o.s.d.r.config.RepositoryConfigurationDelegate - Finished Spring Data repository scanning in 5 ms. Found 0 JDBC repository interfaces.
2023-01-12 19:08:54.818 [main] INFO  o.s.boot.web.embedded.tomcat.TomcatWebServer - Tomcat initialized with port(s): 8066 (http)
2023-01-12 19:08:54.827 [main] INFO  org.apache.catalina.core.StandardService - Starting service [Tomcat]
2023-01-12 19:08:54.828 [main] INFO  org.apache.catalina.core.StandardEngine - Starting Servlet engine: [Apache Tomcat/9.0.60]
2023-01-12 19:08:54.938 [main] INFO  o.a.c.c.C.[Tomcat].[localhost].[/mycrud] - Initializing Spring embedded WebApplicationContext
2023-01-12 19:08:54.938 [main] INFO  o.s.b.w.s.c.ServletWebServerApplicationContext - Root WebApplicationContext: initialization completed in 1028 ms
2023-01-12 19:08:55.479 [main] INFO  com.zaxxer.hikari.HikariDataSource - HikariPool-1 - Starting...
2023-01-12 19:08:55.599 [main] INFO  com.zaxxer.hikari.HikariDataSource - HikariPool-1 - Start completed.
2023-01-12 19:08:55.854 [main] INFO  o.s.boot.web.embedded.tomcat.TomcatWebServer - Tomcat started on port(s): 8066 (http) with context path '/mycrud'
2023-01-12 19:08:55.864 [main] INFO  org22.example22.demo.MycrudApplication - Started MycrudApplication in 2.376 seconds (JVM running for 7.983)
2023-01-12 19:08:58.560 [http-nio-8066-exec-1] INFO  o.a.c.c.C.[Tomcat].[localhost].[/mycrud] - Initializing Spring DispatcherServlet 'dispatcherServlet'
2023-01-12 19:08:58.561 [http-nio-8066-exec-1] INFO  org.springframework.web.servlet.DispatcherServlet - Initializing Servlet 'dispatcherServlet'
2023-01-12 19:08:58.562 [http-nio-8066-exec-1] INFO  org.springframework.web.servlet.DispatcherServlet - Completed initialization in 1 ms
2023-01-12 19:10:46.861 [SpringApplicationShutdownHook] INFO  com.zaxxer.hikari.HikariDataSource - HikariPool-1 - Shutdown initiated...
2023-01-12 19:10:46.877 [SpringApplicationShutdownHook] INFO  com.zaxxer.hikari.HikariDataSource - HikariPool-1 - Shutdown completed.
2023-01-12 19:11:16.496 [main] INFO  org22.example22.demo.MycrudApplication - Starting MycrudApplication using Java 11.0.17 on macdeMacBook-Pro.local with PID 21909 (/Applications/XAMPP/xamppfiles/htdocs/my_practice22/my_java/mycrud/target/classes started by mac in /Applications/XAMPP/xamppfiles/htdocs/my_practice22/my_java/mycrud)
2023-01-12 19:11:16.499 [main] INFO  org22.example22.demo.MycrudApplication - The following 1 profile is active: "prod"
2023-01-12 19:11:16.973 [main] INFO  o.s.d.r.config.RepositoryConfigurationDelegate - Bootstrapping Spring Data JDBC repositories in DEFAULT mode.
2023-01-12 19:11:16.982 [main] INFO  o.s.d.r.config.RepositoryConfigurationDelegate - Finished Spring Data repository scanning in 5 ms. Found 0 JDBC repository interfaces.
2023-01-12 19:11:17.384 [main] INFO  o.s.boot.web.embedded.tomcat.TomcatWebServer - Tomcat initialized with port(s): 8066 (http)
2023-01-12 19:11:17.394 [main] INFO  org.apache.catalina.core.StandardService - Starting service [Tomcat]
2023-01-12 19:11:17.394 [main] INFO  org.apache.catalina.core.StandardEngine - Starting Servlet engine: [Apache Tomcat/9.0.60]
2023-01-12 19:11:17.491 [main] INFO  o.a.c.c.C.[Tomcat].[localhost].[/mycrud] - Initializing Spring embedded WebApplicationContext
2023-01-12 19:11:17.492 [main] INFO  o.s.b.w.s.c.ServletWebServerApplicationContext - Root WebApplicationContext: initialization completed in 959 ms
2023-01-12 19:11:17.964 [main] INFO  com.zaxxer.hikari.HikariDataSource - HikariPool-1 - Starting...
2023-01-12 19:11:18.080 [main] INFO  com.zaxxer.hikari.HikariDataSource - HikariPool-1 - Start completed.
2023-01-12 19:11:18.306 [main] INFO  o.s.boot.web.embedded.tomcat.TomcatWebServer - Tomcat started on port(s): 8066 (http) with context path '/mycrud'
2023-01-12 19:11:18.315 [main] INFO  org22.example22.demo.MycrudApplication - Started MycrudApplication in 2.203 seconds (JVM running for 7.763)
2023-01-12 19:11:25.174 [http-nio-8066-exec-2] INFO  o.a.c.c.C.[Tomcat].[localhost].[/mycrud] - Initializing Spring DispatcherServlet 'dispatcherServlet'
2023-01-12 19:11:25.175 [http-nio-8066-exec-2] INFO  org.springframework.web.servlet.DispatcherServlet - Initializing Servlet 'dispatcherServlet'
2023-01-12 19:11:25.178 [http-nio-8066-exec-2] INFO  org.springframework.web.servlet.DispatcherServlet - Completed initialization in 2 ms
2023-01-12 19:12:02.338 [SpringApplicationShutdownHook] INFO  com.zaxxer.hikari.HikariDataSource - HikariPool-1 - Shutdown initiated...
2023-01-12 19:12:02.347 [SpringApplicationShutdownHook] INFO  com.zaxxer.hikari.HikariDataSource - HikariPool-1 - Shutdown completed.
2023-01-12 19:12:11.020 [main] INFO  org22.example22.demo.MycrudApplication - Starting MycrudApplication using Java 11.0.17 on macdeMacBook-Pro.local with PID 21961 (/Applications/XAMPP/xamppfiles/htdocs/my_practice22/my_java/mycrud/target/classes started by mac in /Applications/XAMPP/xamppfiles/htdocs/my_practice22/my_java/mycrud)
2023-01-12 19:12:11.022 [main] INFO  org22.example22.demo.MycrudApplication - The following 1 profile is active: "prod"
2023-01-12 19:12:11.499 [main] INFO  o.s.d.r.config.RepositoryConfigurationDelegate - Bootstrapping Spring Data JDBC repositories in DEFAULT mode.
2023-01-12 19:12:11.507 [main] INFO  o.s.d.r.config.RepositoryConfigurationDelegate - Finished Spring Data repository scanning in 4 ms. Found 0 JDBC repository interfaces.
2023-01-12 19:12:11.913 [main] INFO  o.s.boot.web.embedded.tomcat.TomcatWebServer - Tomcat initialized with port(s): 8066 (http)
2023-01-12 19:12:11.925 [main] INFO  org.apache.catalina.core.StandardService - Starting service [Tomcat]
2023-01-12 19:12:11.926 [main] INFO  org.apache.catalina.core.StandardEngine - Starting Servlet engine: [Apache Tomcat/9.0.60]
2023-01-12 19:12:12.036 [main] INFO  o.a.c.c.C.[Tomcat].[localhost].[/mycrud] - Initializing Spring embedded WebApplicationContext
2023-01-12 19:12:12.036 [main] INFO  o.s.b.w.s.c.ServletWebServerApplicationContext - Root WebApplicationContext: initialization completed in 981 ms
2023-01-12 19:12:12.620 [main] INFO  com.zaxxer.hikari.HikariDataSource - HikariPool-1 - Starting...
2023-01-12 19:12:12.732 [main] INFO  com.zaxxer.hikari.HikariDataSource - HikariPool-1 - Start completed.
2023-01-12 19:12:12.971 [main] INFO  o.s.boot.web.embedded.tomcat.TomcatWebServer - Tomcat started on port(s): 8066 (http) with context path '/mycrud'
2023-01-12 19:12:12.980 [main] INFO  org22.example22.demo.MycrudApplication - Started MycrudApplication in 2.332 seconds (JVM running for 7.861)
2023-01-12 19:12:16.681 [http-nio-8066-exec-2] INFO  o.a.c.c.C.[Tomcat].[localhost].[/mycrud] - Initializing Spring DispatcherServlet 'dispatcherServlet'
2023-01-12 19:12:16.682 [http-nio-8066-exec-2] INFO  org.springframework.web.servlet.DispatcherServlet - Initializing Servlet 'dispatcherServlet'
2023-01-12 19:12:16.683 [http-nio-8066-exec-2] INFO  org.springframework.web.servlet.DispatcherServlet - Completed initialization in 1 ms
2023-01-12 19:13:28.529 [SpringApplicationShutdownHook] INFO  com.zaxxer.hikari.HikariDataSource - HikariPool-1 - Shutdown initiated...
2023-01-12 19:13:28.540 [SpringApplicationShutdownHook] INFO  com.zaxxer.hikari.HikariDataSource - HikariPool-1 - Shutdown completed.
2023-01-12 19:13:48.264 [main] INFO  org22.example22.demo.MycrudApplication - Starting MycrudApplication using Java 11.0.17 on macdeMacBook-Pro.local with PID 22057 (/Applications/XAMPP/xamppfiles/htdocs/my_practice22/my_java/mycrud/target/classes started by mac in /Applications/XAMPP/xamppfiles/htdocs/my_practice22/my_java/mycrud)
2023-01-12 19:13:48.269 [main] INFO  org22.example22.demo.MycrudApplication - The following 1 profile is active: "prod"
2023-01-12 19:13:48.753 [main] INFO  o.s.d.r.config.RepositoryConfigurationDelegate - Bootstrapping Spring Data JDBC repositories in DEFAULT mode.
2023-01-12 19:13:48.761 [main] INFO  o.s.d.r.config.RepositoryConfigurationDelegate - Finished Spring Data repository scanning in 5 ms. Found 0 JDBC repository interfaces.
2023-01-12 19:13:49.208 [main] INFO  o.s.boot.web.embedded.tomcat.TomcatWebServer - Tomcat initialized with port(s): 8066 (http)
2023-01-12 19:13:49.218 [main] INFO  org.apache.catalina.core.StandardService - Starting service [Tomcat]
2023-01-12 19:13:49.218 [main] INFO  org.apache.catalina.core.StandardEngine - Starting Servlet engine: [Apache Tomcat/9.0.60]
2023-01-12 19:13:49.337 [main] INFO  o.a.c.c.C.[Tomcat].[localhost].[/mycrud] - Initializing Spring embedded WebApplicationContext
2023-01-12 19:13:49.338 [main] INFO  o.s.b.w.s.c.ServletWebServerApplicationContext - Root WebApplicationContext: initialization completed in 1033 ms
2023-01-12 19:13:49.885 [main] INFO  com.zaxxer.hikari.HikariDataSource - HikariPool-1 - Starting...
2023-01-12 19:13:50.015 [main] INFO  com.zaxxer.hikari.HikariDataSource - HikariPool-1 - Start completed.
2023-01-12 19:13:50.274 [main] INFO  o.s.boot.web.embedded.tomcat.TomcatWebServer - Tomcat started on port(s): 8066 (http) with context path '/mycrud'
2023-01-12 19:13:50.284 [main] INFO  org22.example22.demo.MycrudApplication - Started MycrudApplication in 2.407 seconds (JVM running for 7.952)
2023-01-12 19:13:52.274 [http-nio-8066-exec-1] INFO  o.a.c.c.C.[Tomcat].[localhost].[/mycrud] - Initializing Spring DispatcherServlet 'dispatcherServlet'
2023-01-12 19:13:52.274 [http-nio-8066-exec-1] INFO  org.springframework.web.servlet.DispatcherServlet - Initializing Servlet 'dispatcherServlet'
2023-01-12 19:13:52.275 [http-nio-8066-exec-1] INFO  org.springframework.web.servlet.DispatcherServlet - Completed initialization in 0 ms
2023-01-12 19:14:32.685 [SpringApplicationShutdownHook] INFO  com.zaxxer.hikari.HikariDataSource - HikariPool-1 - Shutdown initiated...
2023-01-12 19:14:32.694 [SpringApplicationShutdownHook] INFO  com.zaxxer.hikari.HikariDataSource - HikariPool-1 - Shutdown completed.
2023-01-12 19:14:43.591 [main] INFO  org22.example22.demo.MycrudApplication - Starting MycrudApplication using Java 11.0.17 on macdeMacBook-Pro.local with PID 22146 (/Applications/XAMPP/xamppfiles/htdocs/my_practice22/my_java/mycrud/target/classes started by mac in /Applications/XAMPP/xamppfiles/htdocs/my_practice22/my_java/mycrud)
2023-01-12 19:14:43.593 [main] INFO  org22.example22.demo.MycrudApplication - The following 1 profile is active: "prod"
2023-01-12 19:14:44.081 [main] INFO  o.s.d.r.config.RepositoryConfigurationDelegate - Bootstrapping Spring Data JDBC repositories in DEFAULT mode.
2023-01-12 19:14:44.090 [main] INFO  o.s.d.r.config.RepositoryConfigurationDelegate - Finished Spring Data repository scanning in 5 ms. Found 0 JDBC repository interfaces.
2023-01-12 19:14:44.504 [main] INFO  o.s.boot.web.embedded.tomcat.TomcatWebServer - Tomcat initialized with port(s): 8066 (http)
2023-01-12 19:14:44.525 [main] INFO  org.apache.catalina.core.StandardService - Starting service [Tomcat]
2023-01-12 19:14:44.525 [main] INFO  org.apache.catalina.core.StandardEngine - Starting Servlet engine: [Apache Tomcat/9.0.60]
2023-01-12 19:14:44.623 [main] INFO  o.a.c.c.C.[Tomcat].[localhost].[/mycrud] - Initializing Spring embedded WebApplicationContext
2023-01-12 19:14:44.623 [main] INFO  o.s.b.w.s.c.ServletWebServerApplicationContext - Root WebApplicationContext: initialization completed in 993 ms
2023-01-12 19:14:45.105 [main] INFO  com.zaxxer.hikari.HikariDataSource - HikariPool-1 - Starting...
2023-01-12 19:14:45.229 [main] INFO  com.zaxxer.hikari.HikariDataSource - HikariPool-1 - Start completed.
2023-01-12 19:14:45.457 [main] INFO  o.s.boot.web.embedded.tomcat.TomcatWebServer - Tomcat started on port(s): 8066 (http) with context path '/mycrud'
2023-01-12 19:14:45.465 [main] INFO  org22.example22.demo.MycrudApplication - Started MycrudApplication in 2.269 seconds (JVM running for 7.917)
2023-01-12 19:14:48.954 [http-nio-8066-exec-2] INFO  o.a.c.c.C.[Tomcat].[localhost].[/mycrud] - Initializing Spring DispatcherServlet 'dispatcherServlet'
2023-01-12 19:14:48.955 [http-nio-8066-exec-2] INFO  org.springframework.web.servlet.DispatcherServlet - Initializing Servlet 'dispatcherServlet'
2023-01-12 19:14:48.955 [http-nio-8066-exec-2] INFO  org.springframework.web.servlet.DispatcherServlet - Completed initialization in 0 ms
2023-01-12 19:20:00.638 [SpringApplicationShutdownHook] INFO  com.zaxxer.hikari.HikariDataSource - HikariPool-1 - Shutdown initiated...
2023-01-12 19:20:00.654 [SpringApplicationShutdownHook] INFO  com.zaxxer.hikari.HikariDataSource - HikariPool-1 - Shutdown completed.
